
*** Running vivado
    with args -log Top.vds -m64 -product Vivado -mode batch -messageDb vivado.pb -notrace -source Top.tcl



****** Vivado v2022.2 (64-bit)
  **** SW Build 3671981 on Fri Oct 14 05:00:03 MDT 2022
  **** IP Build 3669848 on Fri Oct 14 08:30:02 MDT 2022
    ** Copyright 1986-2022 Xilinx, Inc. All Rights Reserved.

source Top.tcl -notrace
Command: read_checkpoint -auto_incremental -incremental {C:/Users/bfeue/Documents/Classwork/ECE 369/LAB 1/Resources/Lab 1 Project/Lab 1 Project.srcs/utils_1/imports/synth_1/PCAdder_tb.dcp}
INFO: [Vivado 12-5825] Read reference checkpoint from C:/Users/bfeue/Documents/Classwork/ECE 369/LAB 1/Resources/Lab 1 Project/Lab 1 Project.srcs/utils_1/imports/synth_1/PCAdder_tb.dcp for incremental synthesis
INFO: [Vivado 12-7989] Please ensure there are no constraint changes
Command: synth_design -top Top -part xc7a100tcsg324-1
Starting synth_design
Attempting to get a license for feature 'Synthesis' and/or device 'xc7a100t'
INFO: [Common 17-349] Got license for feature 'Synthesis' and/or device 'xc7a100t'
INFO: [Device 21-403] Loading part xc7a100tcsg324-1
INFO: [Synth 8-7079] Multithreading enabled for synth_design using a maximum of 2 processes.
INFO: [Synth 8-7078] Launching helper process for spawning children vivado processes
INFO: [Synth 8-7075] Helper process launched with PID 43924
INFO: [Synth 8-11241] undeclared symbol 'REGCCE', assumed default net type 'wire' [C:/Xilinx/Vivado/2022.2/data/verilog/src/unimacro/BRAM_SINGLE_MACRO.v:2170]
---------------------------------------------------------------------------------
Starting RTL Elaboration : Time (s): cpu = 00:00:02 ; elapsed = 00:00:03 . Memory (MB): peak = 1221.566 ; gain = 407.723
---------------------------------------------------------------------------------
INFO: [Synth 8-6157] synthesizing module 'Top' [C:/Users/bfeue/Documents/Classwork/ECE 369/LAB 1/Resources/Lab 1 Project/Lab 1 Project.srcs/sources_1/new/Top.v:10]
INFO: [Synth 8-6157] synthesizing module 'InstructionFetchUnit' [C:/Users/bfeue/Documents/Classwork/ECE 369/LAB 1/Resources/1-InstructionFetchUnit/InstructionFetchUnit.v:41]
INFO: [Synth 8-6157] synthesizing module 'PCAdder' [C:/Users/bfeue/Documents/Classwork/ECE 369/LAB 1/Resources/1-InstructionFetchUnit/PCAdder.v:22]
INFO: [Synth 8-6155] done synthesizing module 'PCAdder' (0#1) [C:/Users/bfeue/Documents/Classwork/ECE 369/LAB 1/Resources/1-InstructionFetchUnit/PCAdder.v:22]
INFO: [Synth 8-6157] synthesizing module 'ProgramCounter' [C:/Users/bfeue/Documents/Classwork/ECE 369/LAB 1/Resources/1-InstructionFetchUnit/ProgramCounter.v:27]
INFO: [Synth 8-6155] done synthesizing module 'ProgramCounter' (0#1) [C:/Users/bfeue/Documents/Classwork/ECE 369/LAB 1/Resources/1-InstructionFetchUnit/ProgramCounter.v:27]
INFO: [Synth 8-6157] synthesizing module 'InstructionMemory' [C:/Users/bfeue/Documents/Classwork/ECE 369/LAB 1/Resources/1-InstructionFetchUnit/InstructionMemory.v:39]
INFO: [Synth 8-6155] done synthesizing module 'InstructionMemory' (0#1) [C:/Users/bfeue/Documents/Classwork/ECE 369/LAB 1/Resources/1-InstructionFetchUnit/InstructionMemory.v:39]
INFO: [Synth 8-6155] done synthesizing module 'InstructionFetchUnit' (0#1) [C:/Users/bfeue/Documents/Classwork/ECE 369/LAB 1/Resources/1-InstructionFetchUnit/InstructionFetchUnit.v:41]
INFO: [Synth 8-6157] synthesizing module 'ClkDiv' [C:/Users/bfeue/Documents/Classwork/ECE 369/LAB 1/Resources/4-ClockDivider/ClkDiv.v:1]
INFO: [Synth 8-6155] done synthesizing module 'ClkDiv' (0#1) [C:/Users/bfeue/Documents/Classwork/ECE 369/LAB 1/Resources/4-ClockDivider/ClkDiv.v:1]
INFO: [Synth 8-6157] synthesizing module 'Two4DigitDisplay' [C:/Users/bfeue/Documents/Classwork/ECE 369/LAB 1/Resources/5-Two4DigitDisplay/Two4DigitDisplay.v:15]
INFO: [Synth 8-6157] synthesizing module 'SevenSegment' [C:/Users/bfeue/Documents/Classwork/ECE 369/LAB 1/Resources/5-Two4DigitDisplay/SevenSegment.v:2]
INFO: [Synth 8-226] default block is never used [C:/Users/bfeue/Documents/Classwork/ECE 369/LAB 1/Resources/5-Two4DigitDisplay/SevenSegment.v:8]
INFO: [Synth 8-6155] done synthesizing module 'SevenSegment' (0#1) [C:/Users/bfeue/Documents/Classwork/ECE 369/LAB 1/Resources/5-Two4DigitDisplay/SevenSegment.v:2]
INFO: [Synth 8-226] default block is never used [C:/Users/bfeue/Documents/Classwork/ECE 369/LAB 1/Resources/5-Two4DigitDisplay/Two4DigitDisplay.v:107]
WARNING: [Synth 8-567] referenced signal 'firstdigitA' should be on the sensitivity list [C:/Users/bfeue/Documents/Classwork/ECE 369/LAB 1/Resources/5-Two4DigitDisplay/Two4DigitDisplay.v:106]
WARNING: [Synth 8-567] referenced signal 'seconddigitA' should be on the sensitivity list [C:/Users/bfeue/Documents/Classwork/ECE 369/LAB 1/Resources/5-Two4DigitDisplay/Two4DigitDisplay.v:106]
WARNING: [Synth 8-567] referenced signal 'thirddigitA' should be on the sensitivity list [C:/Users/bfeue/Documents/Classwork/ECE 369/LAB 1/Resources/5-Two4DigitDisplay/Two4DigitDisplay.v:106]
WARNING: [Synth 8-567] referenced signal 'forthdigitA' should be on the sensitivity list [C:/Users/bfeue/Documents/Classwork/ECE 369/LAB 1/Resources/5-Two4DigitDisplay/Two4DigitDisplay.v:106]
WARNING: [Synth 8-567] referenced signal 'firstdigitB' should be on the sensitivity list [C:/Users/bfeue/Documents/Classwork/ECE 369/LAB 1/Resources/5-Two4DigitDisplay/Two4DigitDisplay.v:106]
WARNING: [Synth 8-567] referenced signal 'seconddigitB' should be on the sensitivity list [C:/Users/bfeue/Documents/Classwork/ECE 369/LAB 1/Resources/5-Two4DigitDisplay/Two4DigitDisplay.v:106]
WARNING: [Synth 8-567] referenced signal 'thirddigitB' should be on the sensitivity list [C:/Users/bfeue/Documents/Classwork/ECE 369/LAB 1/Resources/5-Two4DigitDisplay/Two4DigitDisplay.v:106]
WARNING: [Synth 8-567] referenced signal 'forthdigitB' should be on the sensitivity list [C:/Users/bfeue/Documents/Classwork/ECE 369/LAB 1/Resources/5-Two4DigitDisplay/Two4DigitDisplay.v:106]
INFO: [Synth 8-6155] done synthesizing module 'Two4DigitDisplay' (0#1) [C:/Users/bfeue/Documents/Classwork/ECE 369/LAB 1/Resources/5-Two4DigitDisplay/Two4DigitDisplay.v:15]
WARNING: [Synth 8-689] width (32) of port connection 'NumberA' does not match port width (16) of module 'Two4DigitDisplay' [C:/Users/bfeue/Documents/Classwork/ECE 369/LAB 1/Resources/Lab 1 Project/Lab 1 Project.srcs/sources_1/new/Top.v:27]
WARNING: [Synth 8-689] width (32) of port connection 'NumberB' does not match port width (16) of module 'Two4DigitDisplay' [C:/Users/bfeue/Documents/Classwork/ECE 369/LAB 1/Resources/Lab 1 Project/Lab 1 Project.srcs/sources_1/new/Top.v:27]
INFO: [Synth 8-6155] done synthesizing module 'Top' (0#1) [C:/Users/bfeue/Documents/Classwork/ECE 369/LAB 1/Resources/Lab 1 Project/Lab 1 Project.srcs/sources_1/new/Top.v:10]
WARNING: [Synth 8-6014] Unused sequential element ClkInt_reg was removed.  [C:/Users/bfeue/Documents/Classwork/ECE 369/LAB 1/Resources/4-ClockDivider/ClkDiv.v:13]
WARNING: [Synth 8-7129] Port Address[31] in module InstructionMemory is either unconnected or has no load
WARNING: [Synth 8-7129] Port Address[30] in module InstructionMemory is either unconnected or has no load
WARNING: [Synth 8-7129] Port Address[29] in module InstructionMemory is either unconnected or has no load
WARNING: [Synth 8-7129] Port Address[28] in module InstructionMemory is either unconnected or has no load
WARNING: [Synth 8-7129] Port Address[27] in module InstructionMemory is either unconnected or has no load
WARNING: [Synth 8-7129] Port Address[26] in module InstructionMemory is either unconnected or has no load
WARNING: [Synth 8-7129] Port Address[25] in module InstructionMemory is either unconnected or has no load
WARNING: [Synth 8-7129] Port Address[24] in module InstructionMemory is either unconnected or has no load
WARNING: [Synth 8-7129] Port Address[23] in module InstructionMemory is either unconnected or has no load
WARNING: [Synth 8-7129] Port Address[22] in module InstructionMemory is either unconnected or has no load
WARNING: [Synth 8-7129] Port Address[21] in module InstructionMemory is either unconnected or has no load
WARNING: [Synth 8-7129] Port Address[20] in module InstructionMemory is either unconnected or has no load
WARNING: [Synth 8-7129] Port Address[19] in module InstructionMemory is either unconnected or has no load
WARNING: [Synth 8-7129] Port Address[18] in module InstructionMemory is either unconnected or has no load
WARNING: [Synth 8-7129] Port Address[17] in module InstructionMemory is either unconnected or has no load
WARNING: [Synth 8-7129] Port Address[16] in module InstructionMemory is either unconnected or has no load
WARNING: [Synth 8-7129] Port Address[15] in module InstructionMemory is either unconnected or has no load
WARNING: [Synth 8-7129] Port Address[14] in module InstructionMemory is either unconnected or has no load
WARNING: [Synth 8-7129] Port Address[13] in module InstructionMemory is either unconnected or has no load
WARNING: [Synth 8-7129] Port Address[12] in module InstructionMemory is either unconnected or has no load
WARNING: [Synth 8-7129] Port Address[11] in module InstructionMemory is either unconnected or has no load
WARNING: [Synth 8-7129] Port Address[10] in module InstructionMemory is either unconnected or has no load
WARNING: [Synth 8-7129] Port Address[9] in module InstructionMemory is either unconnected or has no load
WARNING: [Synth 8-7129] Port Address[1] in module InstructionMemory is either unconnected or has no load
WARNING: [Synth 8-7129] Port Address[0] in module InstructionMemory is either unconnected or has no load
---------------------------------------------------------------------------------
Finished RTL Elaboration : Time (s): cpu = 00:00:02 ; elapsed = 00:00:04 . Memory (MB): peak = 1311.688 ; gain = 497.844
---------------------------------------------------------------------------------
---------------------------------------------------------------------------------
Start Handling Custom Attributes
---------------------------------------------------------------------------------
---------------------------------------------------------------------------------
Finished Handling Custom Attributes : Time (s): cpu = 00:00:02 ; elapsed = 00:00:04 . Memory (MB): peak = 1311.688 ; gain = 497.844
---------------------------------------------------------------------------------
---------------------------------------------------------------------------------
Finished RTL Optimization Phase 1 : Time (s): cpu = 00:00:02 ; elapsed = 00:00:04 . Memory (MB): peak = 1311.688 ; gain = 497.844
---------------------------------------------------------------------------------
Netlist sorting complete. Time (s): cpu = 00:00:00 ; elapsed = 00:00:00.002 . Memory (MB): peak = 1311.688 ; gain = 0.000
INFO: [Project 1-570] Preparing netlist for logic optimization

Processing XDC Constraints
Initializing timing engine
Parsing XDC File [C:/Users/bfeue/Documents/Classwork/ECE 369/LAB 1/Resources/5-Two4DigitDisplay/Two4DigitDisplay.xdc]
Finished Parsing XDC File [C:/Users/bfeue/Documents/Classwork/ECE 369/LAB 1/Resources/5-Two4DigitDisplay/Two4DigitDisplay.xdc]
INFO: [Project 1-236] Implementation specific constraints were found while reading constraint file [C:/Users/bfeue/Documents/Classwork/ECE 369/LAB 1/Resources/5-Two4DigitDisplay/Two4DigitDisplay.xdc]. These constraints will be ignored for synthesis but will be used in implementation. Impacted constraints are listed in the file [.Xil/Top_propImpl.xdc].
Resolution: To avoid this warning, move constraints listed in [.Xil/Top_propImpl.xdc] to another XDC file and exclude this new file from synthesis with the used_in_synthesis property (File Properties dialog in GUI) and re-run elaboration/synthesis.
Completed Processing XDC Constraints

Netlist sorting complete. Time (s): cpu = 00:00:00 ; elapsed = 00:00:00 . Memory (MB): peak = 1409.785 ; gain = 0.000
INFO: [Project 1-111] Unisim Transformation Summary:
No Unisim elements were transformed.

Constraint Validation Runtime : Time (s): cpu = 00:00:00 ; elapsed = 00:00:00.001 . Memory (MB): peak = 1409.785 ; gain = 0.000
INFO: [Synth 8-11241] undeclared symbol 'REGCCE', assumed default net type 'wire' [C:/Xilinx/Vivado/2022.2/data/verilog/src/unimacro/BRAM_SINGLE_MACRO.v:2170]
---------------------------------------------------------------------------------
Finished Constraint Validation : Time (s): cpu = 00:00:05 ; elapsed = 00:00:09 . Memory (MB): peak = 1409.785 ; gain = 595.941
---------------------------------------------------------------------------------
---------------------------------------------------------------------------------
Start Loading Part and Timing Information
---------------------------------------------------------------------------------
Loading part: xc7a100tcsg324-1
---------------------------------------------------------------------------------
Finished Loading Part and Timing Information : Time (s): cpu = 00:00:05 ; elapsed = 00:00:09 . Memory (MB): peak = 1409.785 ; gain = 595.941
---------------------------------------------------------------------------------
---------------------------------------------------------------------------------
Start Applying 'set_property' XDC Constraints
---------------------------------------------------------------------------------
---------------------------------------------------------------------------------
Finished applying 'set_property' XDC Constraints : Time (s): cpu = 00:00:05 ; elapsed = 00:00:09 . Memory (MB): peak = 1409.785 ; gain = 595.941
---------------------------------------------------------------------------------
---------------------------------------------------------------------------------
Start Preparing Guide Design
---------------------------------------------------------------------------------
CRITICAL WARNING: [Synth 8-6895] The reference checkpoint C:/Users/bfeue/Documents/Classwork/ECE 369/LAB 1/Resources/Lab 1 Project/Lab 1 Project.srcs/utils_1/imports/synth_1/PCAdder_tb.dcp is not suitable for use with incremental synthesis for this design. Please regenerate the checkpoint for this design with -incremental_synth switch in the same Vivado session that synth_design has been run. Synthesis will continue with the default flow
---------------------------------------------------------------------------------
Finished Doing Graph Differ : Time (s): cpu = 00:00:05 ; elapsed = 00:00:09 . Memory (MB): peak = 1409.785 ; gain = 595.941
---------------------------------------------------------------------------------
---------------------------------------------------------------------------------
Finished Preparing Guide Design : Time (s): cpu = 00:00:05 ; elapsed = 00:00:09 . Memory (MB): peak = 1409.785 ; gain = 595.941
---------------------------------------------------------------------------------
---------------------------------------------------------------------------------
Finished RTL Optimization Phase 2 : Time (s): cpu = 00:00:05 ; elapsed = 00:00:09 . Memory (MB): peak = 1409.785 ; gain = 595.941
---------------------------------------------------------------------------------


Incremental Synthesis Report Summary:

1. Incremental synthesis run: no

   Reason for not running incremental synthesis : 


INFO: [Synth 8-7130] Flow is switching to default flow due to incremental criteria not met. If you would like to alter this behaviour and have the flow terminate instead, please set the following parameter config_implementation {autoIncr.Synth.RejectBehavior Terminate}
---------------------------------------------------------------------------------
Start RTL Component Statistics 
---------------------------------------------------------------------------------
Detailed RTL Component Info : 
+---Adders : 
	   2 Input   32 Bit       Adders := 1     
+---Registers : 
	               32 Bit    Registers := 1     
	                1 Bit    Registers := 1     
+---Muxes : 
	 129 Input   32 Bit        Muxes := 1     
	   8 Input    8 Bit        Muxes := 1     
---------------------------------------------------------------------------------
Finished RTL Component Statistics 
---------------------------------------------------------------------------------
---------------------------------------------------------------------------------
Start Part Resource Summary
---------------------------------------------------------------------------------
Part Resources:
DSPs: 240 (col length:80)
BRAMs: 270 (col length: RAMB18 80 RAMB36 40)
---------------------------------------------------------------------------------
Finished Part Resource Summary
---------------------------------------------------------------------------------
---------------------------------------------------------------------------------
Start Cross Boundary and Area Optimization
---------------------------------------------------------------------------------
WARNING: [Synth 8-7080] Parallel synthesis criteria is not met
WARNING: [Synth 8-7129] Port Address[31] in module InstructionMemory is either unconnected or has no load
WARNING: [Synth 8-7129] Port Address[30] in module InstructionMemory is either unconnected or has no load
WARNING: [Synth 8-7129] Port Address[29] in module InstructionMemory is either unconnected or has no load
WARNING: [Synth 8-7129] Port Address[28] in module InstructionMemory is either unconnected or has no load
WARNING: [Synth 8-7129] Port Address[27] in module InstructionMemory is either unconnected or has no load
WARNING: [Synth 8-7129] Port Address[26] in module InstructionMemory is either unconnected or has no load
WARNING: [Synth 8-7129] Port Address[25] in module InstructionMemory is either unconnected or has no load
WARNING: [Synth 8-7129] Port Address[24] in module InstructionMemory is either unconnected or has no load
WARNING: [Synth 8-7129] Port Address[23] in module InstructionMemory is either unconnected or has no load
WARNING: [Synth 8-7129] Port Address[22] in module InstructionMemory is either unconnected or has no load
WARNING: [Synth 8-7129] Port Address[21] in module InstructionMemory is either unconnected or has no load
WARNING: [Synth 8-7129] Port Address[20] in module InstructionMemory is either unconnected or has no load
WARNING: [Synth 8-7129] Port Address[19] in module InstructionMemory is either unconnected or has no load
WARNING: [Synth 8-7129] Port Address[18] in module InstructionMemory is either unconnected or has no load
WARNING: [Synth 8-7129] Port Address[17] in module InstructionMemory is either unconnected or has no load
WARNING: [Synth 8-7129] Port Address[16] in module InstructionMemory is either unconnected or has no load
WARNING: [Synth 8-7129] Port Address[15] in module InstructionMemory is either unconnected or has no load
WARNING: [Synth 8-7129] Port Address[14] in module InstructionMemory is either unconnected or has no load
WARNING: [Synth 8-7129] Port Address[13] in module InstructionMemory is either unconnected or has no load
WARNING: [Synth 8-7129] Port Address[12] in module InstructionMemory is either unconnected or has no load
WARNING: [Synth 8-7129] Port Address[11] in module InstructionMemory is either unconnected or has no load
WARNING: [Synth 8-7129] Port Address[10] in module InstructionMemory is either unconnected or has no load
WARNING: [Synth 8-7129] Port Address[9] in module InstructionMemory is either unconnected or has no load
WARNING: [Synth 8-7129] Port Address[1] in module InstructionMemory is either unconnected or has no load
WARNING: [Synth 8-7129] Port Address[0] in module InstructionMemory is either unconnected or has no load
---------------------------------------------------------------------------------
Finished Cross Boundary and Area Optimization : Time (s): cpu = 00:00:06 ; elapsed = 00:00:11 . Memory (MB): peak = 1409.785 ; gain = 595.941
---------------------------------------------------------------------------------
---------------------------------------------------------------------------------
Start Applying XDC Timing Constraints
---------------------------------------------------------------------------------
---------------------------------------------------------------------------------
Finished Applying XDC Timing Constraints : Time (s): cpu = 00:00:08 ; elapsed = 00:00:15 . Memory (MB): peak = 1409.785 ; gain = 595.941
---------------------------------------------------------------------------------
---------------------------------------------------------------------------------
Start Timing Optimization
---------------------------------------------------------------------------------
---------------------------------------------------------------------------------
Finished Timing Optimization : Time (s): cpu = 00:00:08 ; elapsed = 00:00:15 . Memory (MB): peak = 1409.785 ; gain = 595.941
---------------------------------------------------------------------------------
---------------------------------------------------------------------------------
Start Technology Mapping
---------------------------------------------------------------------------------
---------------------------------------------------------------------------------
Finished Technology Mapping : Time (s): cpu = 00:00:08 ; elapsed = 00:00:15 . Memory (MB): peak = 1409.785 ; gain = 595.941
---------------------------------------------------------------------------------
---------------------------------------------------------------------------------
Start IO Insertion
---------------------------------------------------------------------------------
---------------------------------------------------------------------------------
Start Flattening Before IO Insertion
---------------------------------------------------------------------------------
---------------------------------------------------------------------------------
Finished Flattening Before IO Insertion
---------------------------------------------------------------------------------
---------------------------------------------------------------------------------
Start Final Netlist Cleanup
---------------------------------------------------------------------------------
---------------------------------------------------------------------------------
Finished Final Netlist Cleanup
---------------------------------------------------------------------------------
---------------------------------------------------------------------------------
Finished IO Insertion : Time (s): cpu = 00:00:09 ; elapsed = 00:00:18 . Memory (MB): peak = 1409.785 ; gain = 595.941
---------------------------------------------------------------------------------
---------------------------------------------------------------------------------
Start Renaming Generated Instances
---------------------------------------------------------------------------------
---------------------------------------------------------------------------------
Finished Renaming Generated Instances : Time (s): cpu = 00:00:09 ; elapsed = 00:00:18 . Memory (MB): peak = 1409.785 ; gain = 595.941
---------------------------------------------------------------------------------
---------------------------------------------------------------------------------
Start Rebuilding User Hierarchy
---------------------------------------------------------------------------------
---------------------------------------------------------------------------------
Finished Rebuilding User Hierarchy : Time (s): cpu = 00:00:09 ; elapsed = 00:00:18 . Memory (MB): peak = 1409.785 ; gain = 595.941
---------------------------------------------------------------------------------
---------------------------------------------------------------------------------
Start Renaming Generated Ports
---------------------------------------------------------------------------------
---------------------------------------------------------------------------------
Finished Renaming Generated Ports : Time (s): cpu = 00:00:09 ; elapsed = 00:00:18 . Memory (MB): peak = 1409.785 ; gain = 595.941
---------------------------------------------------------------------------------
---------------------------------------------------------------------------------
Start Handling Custom Attributes
---------------------------------------------------------------------------------
---------------------------------------------------------------------------------
Finished Handling Custom Attributes : Time (s): cpu = 00:00:09 ; elapsed = 00:00:18 . Memory (MB): peak = 1409.785 ; gain = 595.941
---------------------------------------------------------------------------------
---------------------------------------------------------------------------------
Start Renaming Generated Nets
---------------------------------------------------------------------------------
---------------------------------------------------------------------------------
Finished Renaming Generated Nets : Time (s): cpu = 00:00:09 ; elapsed = 00:00:18 . Memory (MB): peak = 1409.785 ; gain = 595.941
---------------------------------------------------------------------------------
---------------------------------------------------------------------------------
Start Writing Synthesis Report
---------------------------------------------------------------------------------

Report BlackBoxes: 
+-+--------------+----------+
| |BlackBox name |Instances |
+-+--------------+----------+
+-+--------------+----------+

Report Cell Usage: 
+------+-------+------+
|      |Cell   |Count |
+------+-------+------+
|1     |BUFG   |     1|
|2     |CARRY4 |    16|
|3     |LUT1   |     3|
|4     |LUT2   |     4|
|5     |LUT3   |     9|
|6     |LUT4   |     6|
|7     |LUT5   |     4|
|8     |LUT6   |    21|
|9     |FDCE   |    14|
|10    |FDRE   |    47|
|11    |IBUF   |     2|
|12    |OBUF   |    15|
+------+-------+------+
---------------------------------------------------------------------------------
Finished Writing Synthesis Report : Time (s): cpu = 00:00:09 ; elapsed = 00:00:18 . Memory (MB): peak = 1409.785 ; gain = 595.941
---------------------------------------------------------------------------------
Synthesis finished with 0 errors, 1 critical warnings and 26 warnings.
Synthesis Optimization Runtime : Time (s): cpu = 00:00:06 ; elapsed = 00:00:16 . Memory (MB): peak = 1409.785 ; gain = 497.844
Synthesis Optimization Complete : Time (s): cpu = 00:00:09 ; elapsed = 00:00:18 . Memory (MB): peak = 1409.785 ; gain = 595.941
INFO: [Project 1-571] Translating synthesized netlist
Netlist sorting complete. Time (s): cpu = 00:00:00 ; elapsed = 00:00:00 . Memory (MB): peak = 1409.785 ; gain = 0.000
INFO: [Netlist 29-17] Analyzing 16 Unisim elements for replacement
INFO: [Netlist 29-28] Unisim Transformation completed in 0 CPU seconds
INFO: [Project 1-570] Preparing netlist for logic optimization
INFO: [Opt 31-138] Pushed 0 inverter(s) to 0 load pin(s).
Netlist sorting complete. Time (s): cpu = 00:00:00 ; elapsed = 00:00:00 . Memory (MB): peak = 1409.785 ; gain = 0.000
INFO: [Project 1-111] Unisim Transformation Summary:
No Unisim elements were transformed.

Synth Design complete, checksum: 4ac5acb1
INFO: [Common 17-83] Releasing license: Synthesis
38 Infos, 62 Warnings, 1 Critical Warnings and 0 Errors encountered.
synth_design completed successfully
synth_design: Time (s): cpu = 00:00:10 ; elapsed = 00:00:21 . Memory (MB): peak = 1409.785 ; gain = 990.336
INFO: [runtcl-6] Synthesis results are not added to the cache due to CRITICAL_WARNING
INFO: [Common 17-1381] The checkpoint 'C:/Users/bfeue/Documents/Classwork/ECE 369/LAB 1/Resources/Lab 1 Project/Lab 1 Project.runs/synth_1/Top.dcp' has been generated.
INFO: [runtcl-4] Executing : report_utilization -file Top_utilization_synth.rpt -pb Top_utilization_synth.pb
INFO: [Common 17-206] Exiting Vivado at Mon Sep  9 14:11:27 2024...
